[2025-12-09 21:26:44] local.INFO: moveFile: Processing temp file {"original":"media/temp/69389384cae41/1765315460_1762712297.jpg","normalized":"media/temp/69389384cae41/1765315460_1762712297.jpg"} 
[2025-12-09 21:26:44] local.INFO: moveFile: Processing temp file {"original":"media/temp/69389386567d5/1765315462_1762712297.jpg","normalized":"media/temp/69389386567d5/1765315462_1762712297.jpg"} 
[2025-12-09 21:34:32] local.INFO: moveFile: Processing temp file {"original":"media/temp/693895e72aad1/1765316071_1762712297.jpg","normalized":"media/temp/693895e72aad1/1765316071_1762712297.jpg"} 
[2025-12-09 21:46:46] local.INFO: moveFile: Processing temp file {"original":"media/temp/693898a97888e/1765316777_1762712297.jpg","normalized":"media/temp/693898a97888e/1765316777_1762712297.jpg"} 
[2025-12-09 22:03:08] local.ERROR: Attempt to read property "path" on null {"view":{"view":"E:\\work source2\\Canadaexport\\resources\\views\\front\\pages\\widgets\\layout-1.blade.php","data":{"errors":"<pre class=sf-dump id=sf-dump-1714703449 data-indent-pad=\"  \"><span class=sf-dump-note>Illuminate\\Support\\ViewErrorBag</span> {<a class=sf-dump-ref>#1620</a><samp data-depth=1 class=sf-dump-expanded>
  #<span class=sf-dump-protected title=\"Protected property\">bags</span>: []
</samp>}
</pre><script>Sfdump(\"sf-dump-1714703449\", {\"maxDepth\":3,\"maxStringLength\":160})</script>
","general_setting":"<pre class=sf-dump id=sf-dump-1248622676 data-indent-pad=\"  \"><span class=sf-dump-note>Illuminate\\Support\\Collection</span> {<a class=sf-dump-ref>#1633</a><samp data-depth=1 class=sf-dump-expanded>
  #<span class=sf-dump-protected title=\"Protected property\">items</span>: <span class=sf-dump-note>array:34</span> [<samp data-depth=2 class=sf-dump-compact>
    \"<span class=sf-dump-key>admin_email</span>\" => \"<span class=sf-dump-str title=\"16 characters\">ccaned@gmail.com</span>\"
    \"<span class=sf-dump-key>user_signup_page</span>\" => \"<span class=sf-dump-str title=\"6 characters\">signup</span>\"
    \"<span class=sf-dump-key>user_signin_page</span>\" => \"<span class=sf-dump-str title=\"6 characters\">signin</span>\"
    \"<span class=sf-dump-key>user_event_signup_page</span>\" => \"<span class=sf-dump-str title=\"12 characters\">event-signup</span>\"
    \"<span class=sf-dump-key>user_event_create_page</span>\" => \"<span class=sf-dump-str title=\"12 characters\">create-event</span>\"
    \"<span class=sf-dump-key>user_event_listing_page</span>\" => \"<span class=sf-dump-str title=\"15 characters\">events-listings</span>\"
    \"<span class=sf-dump-key>user_forget_password_page</span>\" => \"<span class=sf-dump-str title=\"20 characters\">user/forgot-password</span>\"
    \"<span class=sf-dump-key>business_profile_page</span>\" => \"<span class=sf-dump-str title=\"10 characters\">Advertiser</span>\"
    \"<span class=sf-dump-key>contact_us_page</span>\" => \"<span class=sf-dump-str title=\"10 characters\">contact-us</span>\"
    \"<span class=sf-dump-key>close_account_page</span>\" => \"<span class=sf-dump-str title=\"13 characters\">close-account</span>\"
    \"<span class=sf-dump-key>thumbnail_image_width</span>\" => \"<span class=sf-dump-str title=\"3 characters\">200</span>\"
    \"<span class=sf-dump-key>thumbnail_image_height</span>\" => \"<span class=sf-dump-str title=\"3 characters\">200</span>\"
    \"<span class=sf-dump-key>medium_image_width</span>\" => \"<span class=sf-dump-str title=\"3 characters\">400</span>\"
    \"<span class=sf-dump-key>medium_image_height</span>\" => \"<span class=sf-dump-str title=\"3 characters\">600</span>\"
    \"<span class=sf-dump-key>large_image_width</span>\" => \"<span class=sf-dump-str title=\"3 characters\">800</span>\"
    \"<span class=sf-dump-key>large_image_height</span>\" => \"<span class=sf-dump-str title=\"3 characters\">640</span>\"
    \"<span class=sf-dump-key>canadian_exporters_emails_per_day</span>\" => \"<span class=sf-dump-str title=\"3 characters\">100</span>\"
    \"<span class=sf-dump-key>free_package_price_per_month</span>\" => \"<span class=sf-dump-str>0</span>\"
    \"<span class=sf-dump-key>featured_package_price_per_month</span>\" => \"<span class=sf-dump-str title=\"6 characters\">100000</span>\"
    \"<span class=sf-dump-key>premium_package_price_per_month</span>\" => \"<span class=sf-dump-str title=\"2 characters\">10</span>\"
    \"<span class=sf-dump-key>facebook_meta_image</span>\" => \"<span class=sf-dump-str title=\"6 characters\">252896</span>\"
    \"<span class=sf-dump-key>twitter_meta_image</span>\" => \"<span class=sf-dump-str title=\"3 characters\">435</span>\"
    \"<span class=sf-dump-key>linkedin_meta_image</span>\" => <span class=sf-dump-const>null</span>
    \"<span class=sf-dump-key>stripe_free_product</span>\" => \"<span class=sf-dump-str title=\"19 characters\">prod_QjRVuWqmhWnTJb</span>\"
    \"<span class=sf-dump-key>stripe_featured_product</span>\" => \"<span class=sf-dump-str title=\"19 characters\">prod_TIgNfYhydRA0Fl</span>\"
    \"<span class=sf-dump-key>stripe_premium_product</span>\" => \"<span class=sf-dump-str title=\"19 characters\">prod_TIgOvhcC0V2j7o</span>\"
    \"<span class=sf-dump-key>stripe_pay_to_go_product</span>\" => \"<span class=sf-dump-str title=\"19 characters\">prod_QjRVGVo6XCWomX</span>\"
    \"<span class=sf-dump-key>see_all_magazine_pag</span>\" => \"<span class=sf-dump-str title=\"17 characters\">see-all-magazines</span>\"
    \"<span class=sf-dump-key>paypal_free_product</span>\" => \"<span class=sf-dump-str title=\"22 characters\">PROD-5TE37341RJ985762J</span>\"
    \"<span class=sf-dump-key>paypal_featured_product</span>\" => \"<span class=sf-dump-str title=\"22 characters\">PROD-8SG92589P71338115</span>\"
    \"<span class=sf-dump-key>paypal_premium_product</span>\" => \"<span class=sf-dump-str title=\"22 characters\">PROD-802624617R112292X</span>\"
    \"<span class=sf-dump-key>paypal_pay_to_go_product</span>\" => \"<span class=sf-dump-str title=\"22 characters\">PROD-78Y29276DK774223A</span>\"
    \"<span class=sf-dump-key>see_all_magazine_page</span>\" => \"<span class=sf-dump-str title=\"17 characters\">see-all-magazines</span>\"
    \"<span class=sf-dump-key>user_sponser_listing_page</span>\" => \"<span class=sf-dump-str title=\"20 characters\">sponsor-listing-page</span>\"
  </samp>]
  #<span class=sf-dump-protected title=\"Protected property\">escapeWhenCastingToString</span>: <span class=sf-dump-const>false</span>
</samp>}
</pre><script>Sfdump(\"sf-dump-1248622676\", {\"maxDepth\":3,\"maxStringLength\":160})</script>
","widget":"<pre class=sf-dump id=sf-dump-1063010680 data-indent-pad=\"  \"><span class=sf-dump-note>App\\Models\\Widget</span> {<a class=sf-dump-ref>#1737</a><samp data-depth=1 class=sf-dump-expanded>
  #<span class=sf-dump-protected title=\"Protected property\">connection</span>: \"<span class=sf-dump-str title=\"5 characters\">mysql</span>\"
  #<span class=sf-dump-protected title=\"Protected property\">table</span>: \"<span class=sf-dump-str title=\"7 characters\">widgets</span>\"
  #<span class=sf-dump-protected title=\"Protected property\">primaryKey</span>: \"<span class=sf-dump-str title=\"2 characters\">id</span>\"
  #<span class=sf-dump-protected title=\"Protected property\">keyType</span>: \"<span class=sf-dump-str title=\"3 characters\">int</span>\"
  +<span class=sf-dump-public title=\"Public property\">incrementing</span>: <span class=sf-dump-const>true</span>
  #<span class=sf-dump-protected title=\"Protected property\">with</span>: []
  #<span class=sf-dump-protected title=\"Protected property\">withCount</span>: []
  +<span class=sf-dump-public title=\"Public property\">preventsLazyLoading</span>: <span class=sf-dump-const>false</span>
  #<span class=sf-dump-protected title=\"Protected property\">perPage</span>: <span class=sf-dump-num>15</span>
  +<span class=sf-dump-public title=\"Public property\">exists</span>: <span class=sf-dump-const>true</span>
  +<span class=sf-dump-public title=\"Public property\">wasRecentlyCreated</span>: <span class=sf-dump-const>false</span>
  #<span class=sf-dump-protected title=\"Protected property\">escapeWhenCastingToString</span>: <span class=sf-dump-const>false</span>
  #<span class=sf-dump-protected title=\"Protected property\">attributes</span>: <span class=sf-dump-note>array:9</span> [<samp data-depth=2 class=sf-dump-compact>
    \"<span class=sf-dump-key>id</span>\" => <span class=sf-dump-num>36</span>
    \"<span class=sf-dump-key>name</span>\" => \"<span class=sf-dump-str title=\"11 characters\">ShipStation</span>\"
    \"<span class=sf-dump-key>short_code</span>\" => \"<span class=sf-dump-str title=\"26 characters\">[short_code=widget-431339]</span>\"
    \"<span class=sf-dump-key>type</span>\" => <span class=sf-dump-const>null</span>
    \"<span class=sf-dump-key>image_path</span>\" => \"<span class=sf-dump-str title=\"6 characters\">252945</span>\"
    \"<span class=sf-dump-key>image_path_2</span>\" => \"<span class=sf-dump-str title=\"6 characters\">252946</span>\"
    \"<span class=sf-dump-key>created_at</span>\" => \"<span class=sf-dump-str title=\"19 characters\">2025-05-22 00:00:01</span>\"
    \"<span class=sf-dump-key>updated_at</span>\" => \"<span class=sf-dump-str title=\"19 characters\">2025-05-22 00:00:01</span>\"
    \"<span class=sf-dump-key>layout</span>\" => \"<span class=sf-dump-str title=\"8 characters\">layout_1</span>\"
  </samp>]
  #<span class=sf-dump-protected title=\"Protected property\">original</span>: <span class=sf-dump-note>array:9</span> [<samp data-depth=2 class=sf-dump-compact>
    \"<span class=sf-dump-key>id</span>\" => <span class=sf-dump-num>36</span>
    \"<span class=sf-dump-key>name</span>\" => \"<span class=sf-dump-str title=\"11 characters\">ShipStation</span>\"
    \"<span class=sf-dump-key>short_code</span>\" => \"<span class=sf-dump-str title=\"26 characters\">[short_code=widget-431339]</span>\"
    \"<span class=sf-dump-key>type</span>\" => <span class=sf-dump-const>null</span>
    \"<span class=sf-dump-key>image_path</span>\" => \"<span class=sf-dump-str title=\"6 characters\">252945</span>\"
    \"<span class=sf-dump-key>image_path_2</span>\" => \"<span class=sf-dump-str title=\"6 characters\">252946</span>\"
    \"<span class=sf-dump-key>created_at</span>\" => \"<span class=sf-dump-str title=\"19 characters\">2025-05-22 00:00:01</span>\"
    \"<span class=sf-dump-key>updated_at</span>\" => \"<span class=sf-dump-str title=\"19 characters\">2025-05-22 00:00:01</span>\"
    \"<span class=sf-dump-key>layout</span>\" => \"<span class=sf-dump-str title=\"8 characters\">layout_1</span>\"
  </samp>]
  #<span class=sf-dump-protected title=\"Protected property\">changes</span>: []
  #<span class=sf-dump-protected title=\"Protected property\">casts</span>: []
  #<span class=sf-dump-protected title=\"Protected property\">classCastCache</span>: []
  #<span class=sf-dump-protected title=\"Protected property\">attributeCastCache</span>: []
  #<span class=sf-dump-protected title=\"Protected property\">dates</span>: []
  #<span class=sf-dump-protected title=\"Protected property\">dateFormat</span>: <span class=sf-dump-const>null</span>
  #<span class=sf-dump-protected title=\"Protected property\">appends</span>: []
  #<span class=sf-dump-protected title=\"Protected property\">dispatchesEvents</span>: []
  #<span class=sf-dump-protected title=\"Protected property\">observables</span>: []
  #<span class=sf-dump-protected title=\"Protected property\">relations</span>: <span class=sf-dump-note>array:2</span> [<samp data-depth=2 class=sf-dump-compact>
    \"<span class=sf-dump-key>widgetDetail</span>\" => <span class=\"sf-dump-note sf-dump-ellipsization\" title=\"Illuminate\\Database\\Eloquent\\Collection
\"><span class=\"sf-dump-ellipsis sf-dump-ellipsis-note\">Illuminate\\Database\\Eloquent</span><span class=\"sf-dump-ellipsis sf-dump-ellipsis-note\">\\</span><span class=\"sf-dump-ellipsis-tail\">Collection</span></span> {<a class=sf-dump-ref>#1741</a><samp data-depth=3 class=sf-dump-compact>
      #<span class=sf-dump-protected title=\"Protected property\">items</span>: <span class=sf-dump-note>array:1</span> [ &#8230;1]
      #<span class=sf-dump-protected title=\"Protected property\">escapeWhenCastingToString</span>: <span class=sf-dump-const>false</span>
    </samp>}
    \"<span class=sf-dump-key>media</span>\" => <span class=sf-dump-const>null</span>
  </samp>]
  #<span class=sf-dump-protected title=\"Protected property\">touches</span>: []
  +<span class=sf-dump-public title=\"Public property\">timestamps</span>: <span class=sf-dump-const>true</span>
  #<span class=sf-dump-protected title=\"Protected property\">hidden</span>: []
  #<span class=sf-dump-protected title=\"Protected property\">visible</span>: []
  #<span class=sf-dump-protected title=\"Protected property\">fillable</span>: []
  #<span class=sf-dump-protected title=\"Protected property\">guarded</span>: []
</samp>}
</pre><script>Sfdump(\"sf-dump-1063010680\", {\"maxDepth\":3,\"maxStringLength\":160})</script>
"}},"userId":4,"exception":"[object] (Spatie\\LaravelIgnition\\Exceptions\\ViewException(code: 0): Attempt to read property \"path\" on null at E:\\work source2\\Canadaexport\\resources\\views\\front\\pages\\widgets\\layout-1.blade.php:16)
[stacktrace]
#0 E:\\work source2\\Canadaexport\\vendor\\laravel\\framework\\src\\Illuminate\\Foundation\\Bootstrap\\HandleExceptions.php(270): Illuminate\\Foundation\\Bootstrap\\HandleExceptions->handleError(2, 'Attempt to read...', 'E:\\\\work source2...', 17)
#1 E:\\work source2\\Canadaexport\\resources\\views\\front\\pages\\widgets\\layout-1.blade.php(16): Illuminate\\Foundation\\Bootstrap\\HandleExceptions->Illuminate\\Foundation\\Bootstrap\\{closure}(2, 'Attempt to read...', 'E:\\\\work source2...', 17)
#2 E:\\work source2\\Canadaexport\\vendor\\laravel\\framework\\src\\Illuminate\\Filesystem\\Filesystem.php(109): require('E:\\\\work source2...')
#3 E:\\work source2\\Canadaexport\\vendor\\laravel\\framework\\src\\Illuminate\\Filesystem\\Filesystem.php(110): Illuminate\\Filesystem\\Filesystem::Illuminate\\Filesystem\\{closure}()
#4 E:\\work source2\\Canadaexport\\vendor\\laravel\\framework\\src\\Illuminate\\View\\Engines\\PhpEngine.php(58): Illuminate\\Filesystem\\Filesystem->getRequire('E:\\\\work source2...', Array)
#5 E:\\work source2\\Canadaexport\\vendor\\laravel\\framework\\src\\Illuminate\\View\\Engines\\CompilerEngine.php(70): Illuminate\\View\\Engines\\PhpEngine->evaluatePath('E:\\\\work source2...', Array)
#6 E:\\work source2\\Canadaexport\\vendor\\laravel\\framework\\src\\Illuminate\\View\\View.php(195): Illuminate\\View\\Engines\\CompilerEngine->get('E:\\\\work source2...', Array)
#7 E:\\work source2\\Canadaexport\\vendor\\laravel\\framework\\src\\Illuminate\\View\\View.php(178): Illuminate\\View\\View->getContents()
#8 E:\\work source2\\Canadaexport\\vendor\\laravel\\framework\\src\\Illuminate\\View\\View.php(147): Illuminate\\View\\View->renderContents()
#9 E:\\work source2\\Canadaexport\\vendor\\laravel\\framework\\src\\Illuminate\\View\\View.php(492): Illuminate\\View\\View->render()
#10 [internal function]: Illuminate\\View\\View->__toString()
#11 E:\\work source2\\Canadaexport\\resources\\views\\front\\pages\\widgets\\render-widget-with-detail.blade.php(14): str_replace('[short_code=wid...', Object(Illuminate\\View\\View), '<p>&nbsp;</p>\\n<...')
#12 E:\\work source2\\Canadaexport\\vendor\\laravel\\framework\\src\\Illuminate\\Filesystem\\Filesystem.php(109): require('E:\\\\work source2...')
#13 E:\\work source2\\Canadaexport\\vendor\\laravel\\framework\\src\\Illuminate\\Filesystem\\Filesystem.php(110): Illuminate\\Filesystem\\Filesystem::Illuminate\\Filesystem\\{closure}()
#14 E:\\work source2\\Canadaexport\\vendor\\laravel\\framework\\src\\Illuminate\\View\\Engines\\PhpEngine.php(58): Illuminate\\Filesystem\\Filesystem->getRequire('E:\\\\work source2...', Array)
#15 E:\\work source2\\Canadaexport\\vendor\\laravel\\framework\\src\\Illuminate\\View\\Engines\\CompilerEngine.php(70): Illuminate\\View\\Engines\\PhpEngine->evaluatePath('E:\\\\work source2...', Array)
#16 E:\\work source2\\Canadaexport\\vendor\\laravel\\framework\\src\\Illuminate\\View\\View.php(195): Illuminate\\View\\Engines\\CompilerEngine->get('E:\\\\work source2...', Array)
#17 E:\\work source2\\Canadaexport\\vendor\\laravel\\framework\\src\\Illuminate\\View\\View.php(178): Illuminate\\View\\View->getContents()
#18 E:\\work source2\\Canadaexport\\vendor\\laravel\\framework\\src\\Illuminate\\View\\View.php(147): Illuminate\\View\\View->renderContents()
#19 E:\\work source2\\Canadaexport\\resources\\views\\front\\pages\\about-us-template\\index.blade.php(12): Illuminate\\View\\View->render()
#20 E:\\work source2\\Canadaexport\\vendor\\laravel\\framework\\src\\Illuminate\\Filesystem\\Filesystem.php(109): require('E:\\\\work source2...')
#21 E:\\work source2\\Canadaexport\\vendor\\laravel\\framework\\src\\Illuminate\\Filesystem\\Filesystem.php(110): Illuminate\\Filesystem\\Filesystem::Illuminate\\Filesystem\\{closure}()
#22 E:\\work source2\\Canadaexport\\vendor\\laravel\\framework\\src\\Illuminate\\View\\Engines\\PhpEngine.php(58): Illuminate\\Filesystem\\Filesystem->getRequire('E:\\\\work source2...', Array)
#23 E:\\work source2\\Canadaexport\\vendor\\laravel\\framework\\src\\Illuminate\\View\\Engines\\CompilerEngine.php(70): Illuminate\\View\\Engines\\PhpEngine->evaluatePath('E:\\\\work source2...', Array)
#24 E:\\work source2\\Canadaexport\\vendor\\laravel\\framework\\src\\Illuminate\\View\\View.php(195): Illuminate\\View\\Engines\\CompilerEngine->get('E:\\\\work source2...', Array)
#25 E:\\work source2\\Canadaexport\\vendor\\laravel\\framework\\src\\Illuminate\\View\\View.php(178): Illuminate\\View\\View->getContents()
#26 E:\\work source2\\Canadaexport\\vendor\\laravel\\framework\\src\\Illuminate\\View\\View.php(147): Illuminate\\View\\View->renderContents()
#27 E:\\work source2\\Canadaexport\\resources\\views\\front\\index.blade.php(280): Illuminate\\View\\View->render()
#28 E:\\work source2\\Canadaexport\\vendor\\laravel\\framework\\src\\Illuminate\\Filesystem\\Filesystem.php(109): require('E:\\\\work source2...')
#29 E:\\work source2\\Canadaexport\\vendor\\laravel\\framework\\src\\Illuminate\\Filesystem\\Filesystem.php(110): Illuminate\\Filesystem\\Filesystem::Illuminate\\Filesystem\\{closure}()
#30 E:\\work source2\\Canadaexport\\vendor\\laravel\\framework\\src\\Illuminate\\View\\Engines\\PhpEngine.php(58): Illuminate\\Filesystem\\Filesystem->getRequire('E:\\\\work source2...', Array)
#31 E:\\work source2\\Canadaexport\\vendor\\laravel\\framework\\src\\Illuminate\\View\\Engines\\CompilerEngine.php(70): Illuminate\\View\\Engines\\PhpEngine->evaluatePath('E:\\\\work source2...', Array)
#32 E:\\work source2\\Canadaexport\\vendor\\laravel\\framework\\src\\Illuminate\\View\\View.php(195): Illuminate\\View\\Engines\\CompilerEngine->get('E:\\\\work source2...', Array)
#33 E:\\work source2\\Canadaexport\\vendor\\laravel\\framework\\src\\Illuminate\\View\\View.php(178): Illuminate\\View\\View->getContents()
#34 E:\\work source2\\Canadaexport\\vendor\\laravel\\framework\\src\\Illuminate\\View\\View.php(147): Illuminate\\View\\View->renderContents()
#35 E:\\work source2\\Canadaexport\\vendor\\laravel\\framework\\src\\Illuminate\\Http\\Response.php(69): Illuminate\\View\\View->render()
#36 E:\\work source2\\Canadaexport\\vendor\\laravel\\framework\\src\\Illuminate\\Http\\Response.php(35): Illuminate\\Http\\Response->setContent(Object(Illuminate\\View\\View))
#37 E:\\work source2\\Canadaexport\\vendor\\laravel\\framework\\src\\Illuminate\\Routing\\Router.php(906): Illuminate\\Http\\Response->__construct(Object(Illuminate\\View\\View), 200, Array)
#38 E:\\work source2\\Canadaexport\\vendor\\laravel\\framework\\src\\Illuminate\\Routing\\Router.php(875): Illuminate\\Routing\\Router::toResponse(Object(Illuminate\\Http\\Request), Object(Illuminate\\View\\View))
#39 E:\\work source2\\Canadaexport\\vendor\\laravel\\framework\\src\\Illuminate\\Routing\\Router.php(797): Illuminate\\Routing\\Router->prepareResponse(Object(Illuminate\\Http\\Request), Object(Illuminate\\View\\View))
#40 E:\\work source2\\Canadaexport\\vendor\\laravel\\framework\\src\\Illuminate\\Pipeline\\Pipeline.php(141): Illuminate\\Routing\\Router->Illuminate\\Routing\\{closure}(Object(Illuminate\\Http\\Request))
#41 E:\\work source2\\Canadaexport\\app\\Http\\Middleware\\UserAccess.php(154): Illuminate\\Pipeline\\Pipeline->Illuminate\\Pipeline\\{closure}(Object(Illuminate\\Http\\Request))
#42 E:\\work source2\\Canadaexport\\vendor\\laravel\\framework\\src\\Illuminate\\Pipeline\\Pipeline.php(180): App\\Http\\Middleware\\UserAccess->handle(Object(Illuminate\\Http\\Request), Object(Closure))
#43 E:\\work source2\\Canadaexport\\app\\Http\\Middleware\\UserStatus.php(27): Illuminate\\Pipeline\\Pipeline->Illuminate\\Pipeline\\{closure}(Object(Illuminate\\Http\\Request))
#44 E:\\work source2\\Canadaexport\\vendor\\laravel\\framework\\src\\Illuminate\\Pipeline\\Pipeline.php(180): App\\Http\\Middleware\\UserStatus->handle(Object(Illuminate\\Http\\Request), Object(Closure))
#45 E:\\work source2\\Canadaexport\\app\\Http\\Middleware\\ShareVariableMiddleware.php(16): Illuminate\\Pipeline\\Pipeline->Illuminate\\Pipeline\\{closure}(Object(Illuminate\\Http\\Request))
#46 E:\\work source2\\Canadaexport\\vendor\\laravel\\framework\\src\\Illuminate\\Pipeline\\Pipeline.php(180): App\\Http\\Middleware\\ShareVariableMiddleware->handle(Object(Illuminate\\Http\\Request), Object(Closure))
#47 E:\\work source2\\Canadaexport\\app\\Http\\Middleware\\StorePreviousUrl.php(23): Illuminate\\Pipeline\\Pipeline->Illuminate\\Pipeline\\{closure}(Object(Illuminate\\Http\\Request))
#48 E:\\work source2\\Canadaexport\\vendor\\laravel\\framework\\src\\Illuminate\\Pipeline\\Pipeline.php(180): App\\Http\\Middleware\\StorePreviousUrl->handle(Object(Illuminate\\Http\\Request), Object(Closure))
#49 E:\\work source2\\Canadaexport\\vendor\\laravel\\framework\\src\\Illuminate\\Routing\\Middleware\\SubstituteBindings.php(50): Illuminate\\Pipeline\\Pipeline->Illuminate\\Pipeline\\{closure}(Object(Illuminate\\Http\\Request))
#50 E:\\work source2\\Canadaexport\\vendor\\laravel\\framework\\src\\Illuminate\\Pipeline\\Pipeline.php(180): Illuminate\\Routing\\Middleware\\SubstituteBindings->handle(Object(Illuminate\\Http\\Request), Object(Closure))
#51 E:\\work source2\\Canadaexport\\vendor\\laravel\\framework\\src\\Illuminate\\Foundation\\Http\\Middleware\\VerifyCsrfToken.php(78): Illuminate\\Pipeline\\Pipeline->Illuminate\\Pipeline\\{closure}(Object(Illuminate\\Http\\Request))
#52 E:\\work source2\\Canadaexport\\vendor\\laravel\\framework\\src\\Illuminate\\Pipeline\\Pipeline.php(180): Illuminate\\Foundation\\Http\\Middleware\\VerifyCsrfToken->handle(Object(Illuminate\\Http\\Request), Object(Closure))
#53 E:\\work source2\\Canadaexport\\vendor\\laravel\\framework\\src\\Illuminate\\View\\Middleware\\ShareErrorsFromSession.php(49): Illuminate\\Pipeline\\Pipeline->Illuminate\\Pipeline\\{closure}(Object(Illuminate\\Http\\Request))
#54 E:\\work source2\\Canadaexport\\vendor\\laravel\\framework\\src\\Illuminate\\Pipeline\\Pipeline.php(180): Illuminate\\View\\Middleware\\ShareErrorsFromSession->handle(Object(Illuminate\\Http\\Request), Object(Closure))
#55 E:\\work source2\\Canadaexport\\vendor\\laravel\\framework\\src\\Illuminate\\Session\\Middleware\\StartSession.php(121): Illuminate\\Pipeline\\Pipeline->Illuminate\\Pipeline\\{closure}(Object(Illuminate\\Http\\Request))
#56 E:\\work source2\\Canadaexport\\vendor\\laravel\\framework\\src\\Illuminate\\Session\\Middleware\\StartSession.php(64): Illuminate\\Session\\Middleware\\StartSession->handleStatefulRequest(Object(Illuminate\\Http\\Request), Object(Illuminate\\Session\\Store), Object(Closure))
#57 E:\\work source2\\Canadaexport\\vendor\\laravel\\framework\\src\\Illuminate\\Pipeline\\Pipeline.php(180): Illuminate\\Session\\Middleware\\StartSession->handle(Object(Illuminate\\Http\\Request), Object(Closure))
#58 E:\\work source2\\Canadaexport\\vendor\\laravel\\framework\\src\\Illuminate\\Cookie\\Middleware\\AddQueuedCookiesToResponse.php(37): Illuminate\\Pipeline\\Pipeline->Illuminate\\Pipeline\\{closure}(Object(Illuminate\\Http\\Request))
#59 E:\\work source2\\Canadaexport\\vendor\\laravel\\framework\\src\\Illuminate\\Pipeline\\Pipeline.php(180): Illuminate\\Cookie\\Middleware\\AddQueuedCookiesToResponse->handle(Object(Illuminate\\Http\\Request), Object(Closure))
#60 E:\\work source2\\Canadaexport\\vendor\\laravel\\framework\\src\\Illuminate\\Cookie\\Middleware\\EncryptCookies.php(67): Illuminate\\Pipeline\\Pipeline->Illuminate\\Pipeline\\{closure}(Object(Illuminate\\Http\\Request))
#61 E:\\work source2\\Canadaexport\\vendor\\laravel\\framework\\src\\Illuminate\\Pipeline\\Pipeline.php(180): Illuminate\\Cookie\\Middleware\\EncryptCookies->handle(Object(Illuminate\\Http\\Request), Object(Closure))
#62 E:\\work source2\\Canadaexport\\vendor\\laravel\\framework\\src\\Illuminate\\Pipeline\\Pipeline.php(116): Illuminate\\Pipeline\\Pipeline->Illuminate\\Pipeline\\{closure}(Object(Illuminate\\Http\\Request))
#63 E:\\work source2\\Canadaexport\\vendor\\laravel\\framework\\src\\Illuminate\\Routing\\Router.php(797): Illuminate\\Pipeline\\Pipeline->then(Object(Closure))
#64 E:\\work source2\\Canadaexport\\vendor\\laravel\\framework\\src\\Illuminate\\Routing\\Router.php(776): Illuminate\\Routing\\Router->runRouteWithinStack(Object(Illuminate\\Routing\\Route), Object(Illuminate\\Http\\Request))
#65 E:\\work source2\\Canadaexport\\vendor\\laravel\\framework\\src\\Illuminate\\Routing\\Router.php(740): Illuminate\\Routing\\Router->runRoute(Object(Illuminate\\Http\\Request), Object(Illuminate\\Routing\\Route))
#66 E:\\work source2\\Canadaexport\\vendor\\laravel\\framework\\src\\Illuminate\\Routing\\Router.php(729): Illuminate\\Routing\\Router->dispatchToRoute(Object(Illuminate\\Http\\Request))
#67 E:\\work source2\\Canadaexport\\vendor\\laravel\\framework\\src\\Illuminate\\Foundation\\Http\\Kernel.php(190): Illuminate\\Routing\\Router->dispatch(Object(Illuminate\\Http\\Request))
#68 E:\\work source2\\Canadaexport\\vendor\\laravel\\framework\\src\\Illuminate\\Pipeline\\Pipeline.php(141): Illuminate\\Foundation\\Http\\Kernel->Illuminate\\Foundation\\Http\\{closure}(Object(Illuminate\\Http\\Request))
#69 E:\\work source2\\Canadaexport\\vendor\\laravel\\framework\\src\\Illuminate\\Foundation\\Http\\Middleware\\TransformsRequest.php(21): Illuminate\\Pipeline\\Pipeline->Illuminate\\Pipeline\\{closure}(Object(Illuminate\\Http\\Request))
#70 E:\\work source2\\Canadaexport\\vendor\\laravel\\framework\\src\\Illuminate\\Foundation\\Http\\Middleware\\ConvertEmptyStringsToNull.php(31): Illuminate\\Foundation\\Http\\Middleware\\TransformsRequest->handle(Object(Illuminate\\Http\\Request), Object(Closure))
#71 E:\\work source2\\Canadaexport\\vendor\\laravel\\framework\\src\\Illuminate\\Pipeline\\Pipeline.php(180): Illuminate\\Foundation\\Http\\Middleware\\ConvertEmptyStringsToNull->handle(Object(Illuminate\\Http\\Request), Object(Closure))
#72 E:\\work source2\\Canadaexport\\vendor\\laravel\\framework\\src\\Illuminate\\Foundation\\Http\\Middleware\\TransformsRequest.php(21): Illuminate\\Pipeline\\Pipeline->Illuminate\\Pipeline\\{closure}(Object(Illuminate\\Http\\Request))
#73 E:\\work source2\\Canadaexport\\vendor\\laravel\\framework\\src\\Illuminate\\Foundation\\Http\\Middleware\\TrimStrings.php(40): Illuminate\\Foundation\\Http\\Middleware\\TransformsRequest->handle(Object(Illuminate\\Http\\Request), Object(Closure))
#74 E:\\work source2\\Canadaexport\\vendor\\laravel\\framework\\src\\Illuminate\\Pipeline\\Pipeline.php(180): Illuminate\\Foundation\\Http\\Middleware\\TrimStrings->handle(Object(Illuminate\\Http\\Request), Object(Closure))
#75 E:\\work source2\\Canadaexport\\vendor\\laravel\\framework\\src\\Illuminate\\Foundation\\Http\\Middleware\\ValidatePostSize.php(27): Illuminate\\Pipeline\\Pipeline->Illuminate\\Pipeline\\{closure}(Object(Illuminate\\Http\\Request))
#76 E:\\work source2\\Canadaexport\\vendor\\laravel\\framework\\src\\Illuminate\\Pipeline\\Pipeline.php(180): Illuminate\\Foundation\\Http\\Middleware\\ValidatePostSize->handle(Object(Illuminate\\Http\\Request), Object(Closure))
#77 E:\\work source2\\Canadaexport\\vendor\\laravel\\framework\\src\\Illuminate\\Foundation\\Http\\Middleware\\PreventRequestsDuringMaintenance.php(86): Illuminate\\Pipeline\\Pipeline->Illuminate\\Pipeline\\{closure}(Object(Illuminate\\Http\\Request))
#78 E:\\work source2\\Canadaexport\\vendor\\laravel\\framework\\src\\Illuminate\\Pipeline\\Pipeline.php(180): Illuminate\\Foundation\\Http\\Middleware\\PreventRequestsDuringMaintenance->handle(Object(Illuminate\\Http\\Request), Object(Closure))
#79 E:\\work source2\\Canadaexport\\vendor\\fruitcake\\laravel-cors\\src\\HandleCors.php(38): Illuminate\\Pipeline\\Pipeline->Illuminate\\Pipeline\\{closure}(Object(Illuminate\\Http\\Request))
#80 E:\\work source2\\Canadaexport\\vendor\\laravel\\framework\\src\\Illuminate\\Pipeline\\Pipeline.php(180): Fruitcake\\Cors\\HandleCors->handle(Object(Illuminate\\Http\\Request), Object(Closure))
#81 E:\\work source2\\Canadaexport\\vendor\\laravel\\framework\\src\\Illuminate\\Http\\Middleware\\TrustProxies.php(39): Illuminate\\Pipeline\\Pipeline->Illuminate\\Pipeline\\{closure}(Object(Illuminate\\Http\\Request))
#82 E:\\work source2\\Canadaexport\\vendor\\laravel\\framework\\src\\Illuminate\\Pipeline\\Pipeline.php(180): Illuminate\\Http\\Middleware\\TrustProxies->handle(Object(Illuminate\\Http\\Request), Object(Closure))
#83 E:\\work source2\\Canadaexport\\vendor\\laravel\\framework\\src\\Illuminate\\Pipeline\\Pipeline.php(116): Illuminate\\Pipeline\\Pipeline->Illuminate\\Pipeline\\{closure}(Object(Illuminate\\Http\\Request))
#84 E:\\work source2\\Canadaexport\\vendor\\laravel\\framework\\src\\Illuminate\\Foundation\\Http\\Kernel.php(165): Illuminate\\Pipeline\\Pipeline->then(Object(Closure))
#85 E:\\work source2\\Canadaexport\\vendor\\laravel\\framework\\src\\Illuminate\\Foundation\\Http\\Kernel.php(134): Illuminate\\Foundation\\Http\\Kernel->sendRequestThroughRouter(Object(Illuminate\\Http\\Request))
#86 E:\\work source2\\Canadaexport\\public\\index.php(77): Illuminate\\Foundation\\Http\\Kernel->handle(Object(Illuminate\\Http\\Request))
#87 E:\\work source2\\Canadaexport\\server.php(21): require_once('E:\\\\work source2...')
#88 {main}

[previous exception] [object] (ErrorException(code: 0): Attempt to read property \"path\" on null at E:\\work source2\\Canadaexport\\storage\\framework\\views\\6f1d6aebcb47862439d6fb6725fc0eb1e0e26d13.php:17)
[stacktrace]
#0 E:\\work source2\\Canadaexport\\vendor\\laravel\\framework\\src\\Illuminate\\Foundation\\Bootstrap\\HandleExceptions.php(270): Illuminate\\Foundation\\Bootstrap\\HandleExceptions->handleError(2, 'Attempt to read...', 'E:\\\\work source2...', 17)
#1 E:\\work source2\\Canadaexport\\storage\\framework\\views\\6f1d6aebcb47862439d6fb6725fc0eb1e0e26d13.php(17): Illuminate\\Foundation\\Bootstrap\\HandleExceptions->Illuminate\\Foundation\\Bootstrap\\{closure}(2, 'Attempt to read...', 'E:\\\\work source2...', 17)
#2 E:\\work source2\\Canadaexport\\vendor\\laravel\\framework\\src\\Illuminate\\Filesystem\\Filesystem.php(109): require('E:\\\\work source2...')
#3 E:\\work source2\\Canadaexport\\vendor\\laravel\\framework\\src\\Illuminate\\Filesystem\\Filesystem.php(110): Illuminate\\Filesystem\\Filesystem::Illuminate\\Filesystem\\{closure}()
#4 E:\\work source2\\Canadaexport\\vendor\\laravel\\framework\\src\\Illuminate\\View\\Engines\\PhpEngine.php(58): Illuminate\\Filesystem\\Filesystem->getRequire('E:\\\\work source2...', Array)
#5 E:\\work source2\\Canadaexport\\vendor\\laravel\\framework\\src\\Illuminate\\View\\Engines\\CompilerEngine.php(70): Illuminate\\View\\Engines\\PhpEngine->evaluatePath('E:\\\\work source2...', Array)
#6 E:\\work source2\\Canadaexport\\vendor\\laravel\\framework\\src\\Illuminate\\View\\View.php(195): Illuminate\\View\\Engines\\CompilerEngine->get('E:\\\\work source2...', Array)
#7 E:\\work source2\\Canadaexport\\vendor\\laravel\\framework\\src\\Illuminate\\View\\View.php(178): Illuminate\\View\\View->getContents()
#8 E:\\work source2\\Canadaexport\\vendor\\laravel\\framework\\src\\Illuminate\\View\\View.php(147): Illuminate\\View\\View->renderContents()
#9 E:\\work source2\\Canadaexport\\vendor\\laravel\\framework\\src\\Illuminate\\View\\View.php(492): Illuminate\\View\\View->render()
#10 [internal function]: Illuminate\\View\\View->__toString()
#11 E:\\work source2\\Canadaexport\\storage\\framework\\views\\799559e4152cb6968b1b5e7ef102040a3bc917b2.php(15): str_replace('[short_code=wid...', Object(Illuminate\\View\\View), '<p>&nbsp;</p>\\n<...')
#12 E:\\work source2\\Canadaexport\\vendor\\laravel\\framework\\src\\Illuminate\\Filesystem\\Filesystem.php(109): require('E:\\\\work source2...')
#13 E:\\work source2\\Canadaexport\\vendor\\laravel\\framework\\src\\Illuminate\\Filesystem\\Filesystem.php(110): Illuminate\\Filesystem\\Filesystem::Illuminate\\Filesystem\\{closure}()
#14 E:\\work source2\\Canadaexport\\vendor\\laravel\\framework\\src\\Illuminate\\View\\Engines\\PhpEngine.php(58): Illuminate\\Filesystem\\Filesystem->getRequire('E:\\\\work source2...', Array)
#15 E:\\work source2\\Canadaexport\\vendor\\laravel\\framework\\src\\Illuminate\\View\\Engines\\CompilerEngine.php(70): Illuminate\\View\\Engines\\PhpEngine->evaluatePath('E:\\\\work source2...', Array)
#16 E:\\work source2\\Canadaexport\\vendor\\laravel\\framework\\src\\Illuminate\\View\\View.php(195): Illuminate\\View\\Engines\\CompilerEngine->get('E:\\\\work source2...', Array)
#17 E:\\work source2\\Canadaexport\\vendor\\laravel\\framework\\src\\Illuminate\\View\\View.php(178): Illuminate\\View\\View->getContents()
#18 E:\\work source2\\Canadaexport\\vendor\\laravel\\framework\\src\\Illuminate\\View\\View.php(147): Illuminate\\View\\View->renderContents()
#19 E:\\work source2\\Canadaexport\\storage\\framework\\views\\206222e7a1e2be5c1f742833a6e1a6dfc9643ed4.php(14): Illuminate\\View\\View->render()
#20 E:\\work source2\\Canadaexport\\vendor\\laravel\\framework\\src\\Illuminate\\Filesystem\\Filesystem.php(109): require('E:\\\\work source2...')
#21 E:\\work source2\\Canadaexport\\vendor\\laravel\\framework\\src\\Illuminate\\Filesystem\\Filesystem.php(110): Illuminate\\Filesystem\\Filesystem::Illuminate\\Filesystem\\{closure}()
#22 E:\\work source2\\Canadaexport\\vendor\\laravel\\framework\\src\\Illuminate\\View\\Engines\\PhpEngine.php(58): Illuminate\\Filesystem\\Filesystem->getRequire('E:\\\\work source2...', Array)
#23 E:\\work source2\\Canadaexport\\vendor\\laravel\\framework\\src\\Illuminate\\View\\Engines\\CompilerEngine.php(70): Illuminate\\View\\Engines\\PhpEngine->evaluatePath('E:\\\\work source2...', Array)
#24 E:\\work source2\\Canadaexport\\vendor\\laravel\\framework\\src\\Illuminate\\View\\View.php(195): Illuminate\\View\\Engines\\CompilerEngine->get('E:\\\\work source2...', Array)
#25 E:\\work source2\\Canadaexport\\vendor\\laravel\\framework\\src\\Illuminate\\View\\View.php(178): Illuminate\\View\\View->getContents()
#26 E:\\work source2\\Canadaexport\\vendor\\laravel\\framework\\src\\Illuminate\\View\\View.php(147): Illuminate\\View\\View->renderContents()
#27 E:\\work source2\\Canadaexport\\storage\\framework\\views\\16d72331dbc6d5ed3012d0282c963f22f60d6718.php(267): Illuminate\\View\\View->render()
#28 E:\\work source2\\Canadaexport\\vendor\\laravel\\framework\\src\\Illuminate\\Filesystem\\Filesystem.php(109): require('E:\\\\work source2...')
#29 E:\\work source2\\Canadaexport\\vendor\\laravel\\framework\\src\\Illuminate\\Filesystem\\Filesystem.php(110): Illuminate\\Filesystem\\Filesystem::Illuminate\\Filesystem\\{closure}()
#30 E:\\work source2\\Canadaexport\\vendor\\laravel\\framework\\src\\Illuminate\\View\\Engines\\PhpEngine.php(58): Illuminate\\Filesystem\\Filesystem->getRequire('E:\\\\work source2...', Array)
#31 E:\\work source2\\Canadaexport\\vendor\\laravel\\framework\\src\\Illuminate\\View\\Engines\\CompilerEngine.php(70): Illuminate\\View\\Engines\\PhpEngine->evaluatePath('E:\\\\work source2...', Array)
#32 E:\\work source2\\Canadaexport\\vendor\\laravel\\framework\\src\\Illuminate\\View\\View.php(195): Illuminate\\View\\Engines\\CompilerEngine->get('E:\\\\work source2...', Array)
#33 E:\\work source2\\Canadaexport\\vendor\\laravel\\framework\\src\\Illuminate\\View\\View.php(178): Illuminate\\View\\View->getContents()
#34 E:\\work source2\\Canadaexport\\vendor\\laravel\\framework\\src\\Illuminate\\View\\View.php(147): Illuminate\\View\\View->renderContents()
#35 E:\\work source2\\Canadaexport\\vendor\\laravel\\framework\\src\\Illuminate\\Http\\Response.php(69): Illuminate\\View\\View->render()
#36 E:\\work source2\\Canadaexport\\vendor\\laravel\\framework\\src\\Illuminate\\Http\\Response.php(35): Illuminate\\Http\\Response->setContent(Object(Illuminate\\View\\View))
#37 E:\\work source2\\Canadaexport\\vendor\\laravel\\framework\\src\\Illuminate\\Routing\\Router.php(906): Illuminate\\Http\\Response->__construct(Object(Illuminate\\View\\View), 200, Array)
#38 E:\\work source2\\Canadaexport\\vendor\\laravel\\framework\\src\\Illuminate\\Routing\\Router.php(875): Illuminate\\Routing\\Router::toResponse(Object(Illuminate\\Http\\Request), Object(Illuminate\\View\\View))
#39 E:\\work source2\\Canadaexport\\vendor\\laravel\\framework\\src\\Illuminate\\Routing\\Router.php(797): Illuminate\\Routing\\Router->prepareResponse(Object(Illuminate\\Http\\Request), Object(Illuminate\\View\\View))
#40 E:\\work source2\\Canadaexport\\vendor\\laravel\\framework\\src\\Illuminate\\Pipeline\\Pipeline.php(141): Illuminate\\Routing\\Router->Illuminate\\Routing\\{closure}(Object(Illuminate\\Http\\Request))
#41 E:\\work source2\\Canadaexport\\app\\Http\\Middleware\\UserAccess.php(154): Illuminate\\Pipeline\\Pipeline->Illuminate\\Pipeline\\{closure}(Object(Illuminate\\Http\\Request))
#42 E:\\work source2\\Canadaexport\\vendor\\laravel\\framework\\src\\Illuminate\\Pipeline\\Pipeline.php(180): App\\Http\\Middleware\\UserAccess->handle(Object(Illuminate\\Http\\Request), Object(Closure))
#43 E:\\work source2\\Canadaexport\\app\\Http\\Middleware\\UserStatus.php(27): Illuminate\\Pipeline\\Pipeline->Illuminate\\Pipeline\\{closure}(Object(Illuminate\\Http\\Request))
#44 E:\\work source2\\Canadaexport\\vendor\\laravel\\framework\\src\\Illuminate\\Pipeline\\Pipeline.php(180): App\\Http\\Middleware\\UserStatus->handle(Object(Illuminate\\Http\\Request), Object(Closure))
#45 E:\\work source2\\Canadaexport\\app\\Http\\Middleware\\ShareVariableMiddleware.php(16): Illuminate\\Pipeline\\Pipeline->Illuminate\\Pipeline\\{closure}(Object(Illuminate\\Http\\Request))
#46 E:\\work source2\\Canadaexport\\vendor\\laravel\\framework\\src\\Illuminate\\Pipeline\\Pipeline.php(180): App\\Http\\Middleware\\ShareVariableMiddleware->handle(Object(Illuminate\\Http\\Request), Object(Closure))
#47 E:\\work source2\\Canadaexport\\app\\Http\\Middleware\\StorePreviousUrl.php(23): Illuminate\\Pipeline\\Pipeline->Illuminate\\Pipeline\\{closure}(Object(Illuminate\\Http\\Request))
#48 E:\\work source2\\Canadaexport\\vendor\\laravel\\framework\\src\\Illuminate\\Pipeline\\Pipeline.php(180): App\\Http\\Middleware\\StorePreviousUrl->handle(Object(Illuminate\\Http\\Request), Object(Closure))
#49 E:\\work source2\\Canadaexport\\vendor\\laravel\\framework\\src\\Illuminate\\Routing\\Middleware\\SubstituteBindings.php(50): Illuminate\\Pipeline\\Pipeline->Illuminate\\Pipeline\\{closure}(Object(Illuminate\\Http\\Request))
#50 E:\\work source2\\Canadaexport\\vendor\\laravel\\framework\\src\\Illuminate\\Pipeline\\Pipeline.php(180): Illuminate\\Routing\\Middleware\\SubstituteBindings->handle(Object(Illuminate\\Http\\Request), Object(Closure))
#51 E:\\work source2\\Canadaexport\\vendor\\laravel\\framework\\src\\Illuminate\\Foundation\\Http\\Middleware\\VerifyCsrfToken.php(78): Illuminate\\Pipeline\\Pipeline->Illuminate\\Pipeline\\{closure}(Object(Illuminate\\Http\\Request))
#52 E:\\work source2\\Canadaexport\\vendor\\laravel\\framework\\src\\Illuminate\\Pipeline\\Pipeline.php(180): Illuminate\\Foundation\\Http\\Middleware\\VerifyCsrfToken->handle(Object(Illuminate\\Http\\Request), Object(Closure))
#53 E:\\work source2\\Canadaexport\\vendor\\laravel\\framework\\src\\Illuminate\\View\\Middleware\\ShareErrorsFromSession.php(49): Illuminate\\Pipeline\\Pipeline->Illuminate\\Pipeline\\{closure}(Object(Illuminate\\Http\\Request))
#54 E:\\work source2\\Canadaexport\\vendor\\laravel\\framework\\src\\Illuminate\\Pipeline\\Pipeline.php(180): Illuminate\\View\\Middleware\\ShareErrorsFromSession->handle(Object(Illuminate\\Http\\Request), Object(Closure))
#55 E:\\work source2\\Canadaexport\\vendor\\laravel\\framework\\src\\Illuminate\\Session\\Middleware\\StartSession.php(121): Illuminate\\Pipeline\\Pipeline->Illuminate\\Pipeline\\{closure}(Object(Illuminate\\Http\\Request))
#56 E:\\work source2\\Canadaexport\\vendor\\laravel\\framework\\src\\Illuminate\\Session\\Middleware\\StartSession.php(64): Illuminate\\Session\\Middleware\\StartSession->handleStatefulRequest(Object(Illuminate\\Http\\Request), Object(Illuminate\\Session\\Store), Object(Closure))
#57 E:\\work source2\\Canadaexport\\vendor\\laravel\\framework\\src\\Illuminate\\Pipeline\\Pipeline.php(180): Illuminate\\Session\\Middleware\\StartSession->handle(Object(Illuminate\\Http\\Request), Object(Closure))
#58 E:\\work source2\\Canadaexport\\vendor\\laravel\\framework\\src\\Illuminate\\Cookie\\Middleware\\AddQueuedCookiesToResponse.php(37): Illuminate\\Pipeline\\Pipeline->Illuminate\\Pipeline\\{closure}(Object(Illuminate\\Http\\Request))
#59 E:\\work source2\\Canadaexport\\vendor\\laravel\\framework\\src\\Illuminate\\Pipeline\\Pipeline.php(180): Illuminate\\Cookie\\Middleware\\AddQueuedCookiesToResponse->handle(Object(Illuminate\\Http\\Request), Object(Closure))
#60 E:\\work source2\\Canadaexport\\vendor\\laravel\\framework\\src\\Illuminate\\Cookie\\Middleware\\EncryptCookies.php(67): Illuminate\\Pipeline\\Pipeline->Illuminate\\Pipeline\\{closure}(Object(Illuminate\\Http\\Request))
#61 E:\\work source2\\Canadaexport\\vendor\\laravel\\framework\\src\\Illuminate\\Pipeline\\Pipeline.php(180): Illuminate\\Cookie\\Middleware\\EncryptCookies->handle(Object(Illuminate\\Http\\Request), Object(Closure))
#62 E:\\work source2\\Canadaexport\\vendor\\laravel\\framework\\src\\Illuminate\\Pipeline\\Pipeline.php(116): Illuminate\\Pipeline\\Pipeline->Illuminate\\Pipeline\\{closure}(Object(Illuminate\\Http\\Request))
#63 E:\\work source2\\Canadaexport\\vendor\\laravel\\framework\\src\\Illuminate\\Routing\\Router.php(797): Illuminate\\Pipeline\\Pipeline->then(Object(Closure))
#64 E:\\work source2\\Canadaexport\\vendor\\laravel\\framework\\src\\Illuminate\\Routing\\Router.php(776): Illuminate\\Routing\\Router->runRouteWithinStack(Object(Illuminate\\Routing\\Route), Object(Illuminate\\Http\\Request))
#65 E:\\work source2\\Canadaexport\\vendor\\laravel\\framework\\src\\Illuminate\\Routing\\Router.php(740): Illuminate\\Routing\\Router->runRoute(Object(Illuminate\\Http\\Request), Object(Illuminate\\Routing\\Route))
#66 E:\\work source2\\Canadaexport\\vendor\\laravel\\framework\\src\\Illuminate\\Routing\\Router.php(729): Illuminate\\Routing\\Router->dispatchToRoute(Object(Illuminate\\Http\\Request))
#67 E:\\work source2\\Canadaexport\\vendor\\laravel\\framework\\src\\Illuminate\\Foundation\\Http\\Kernel.php(190): Illuminate\\Routing\\Router->dispatch(Object(Illuminate\\Http\\Request))
#68 E:\\work source2\\Canadaexport\\vendor\\laravel\\framework\\src\\Illuminate\\Pipeline\\Pipeline.php(141): Illuminate\\Foundation\\Http\\Kernel->Illuminate\\Foundation\\Http\\{closure}(Object(Illuminate\\Http\\Request))
#69 E:\\work source2\\Canadaexport\\vendor\\laravel\\framework\\src\\Illuminate\\Foundation\\Http\\Middleware\\TransformsRequest.php(21): Illuminate\\Pipeline\\Pipeline->Illuminate\\Pipeline\\{closure}(Object(Illuminate\\Http\\Request))
#70 E:\\work source2\\Canadaexport\\vendor\\laravel\\framework\\src\\Illuminate\\Foundation\\Http\\Middleware\\ConvertEmptyStringsToNull.php(31): Illuminate\\Foundation\\Http\\Middleware\\TransformsRequest->handle(Object(Illuminate\\Http\\Request), Object(Closure))
#71 E:\\work source2\\Canadaexport\\vendor\\laravel\\framework\\src\\Illuminate\\Pipeline\\Pipeline.php(180): Illuminate\\Foundation\\Http\\Middleware\\ConvertEmptyStringsToNull->handle(Object(Illuminate\\Http\\Request), Object(Closure))
#72 E:\\work source2\\Canadaexport\\vendor\\laravel\\framework\\src\\Illuminate\\Foundation\\Http\\Middleware\\TransformsRequest.php(21): Illuminate\\Pipeline\\Pipeline->Illuminate\\Pipeline\\{closure}(Object(Illuminate\\Http\\Request))
#73 E:\\work source2\\Canadaexport\\vendor\\laravel\\framework\\src\\Illuminate\\Foundation\\Http\\Middleware\\TrimStrings.php(40): Illuminate\\Foundation\\Http\\Middleware\\TransformsRequest->handle(Object(Illuminate\\Http\\Request), Object(Closure))
#74 E:\\work source2\\Canadaexport\\vendor\\laravel\\framework\\src\\Illuminate\\Pipeline\\Pipeline.php(180): Illuminate\\Foundation\\Http\\Middleware\\TrimStrings->handle(Object(Illuminate\\Http\\Request), Object(Closure))
#75 E:\\work source2\\Canadaexport\\vendor\\laravel\\framework\\src\\Illuminate\\Foundation\\Http\\Middleware\\ValidatePostSize.php(27): Illuminate\\Pipeline\\Pipeline->Illuminate\\Pipeline\\{closure}(Object(Illuminate\\Http\\Request))
#76 E:\\work source2\\Canadaexport\\vendor\\laravel\\framework\\src\\Illuminate\\Pipeline\\Pipeline.php(180): Illuminate\\Foundation\\Http\\Middleware\\ValidatePostSize->handle(Object(Illuminate\\Http\\Request), Object(Closure))
#77 E:\\work source2\\Canadaexport\\vendor\\laravel\\framework\\src\\Illuminate\\Foundation\\Http\\Middleware\\PreventRequestsDuringMaintenance.php(86): Illuminate\\Pipeline\\Pipeline->Illuminate\\Pipeline\\{closure}(Object(Illuminate\\Http\\Request))
#78 E:\\work source2\\Canadaexport\\vendor\\laravel\\framework\\src\\Illuminate\\Pipeline\\Pipeline.php(180): Illuminate\\Foundation\\Http\\Middleware\\PreventRequestsDuringMaintenance->handle(Object(Illuminate\\Http\\Request), Object(Closure))
#79 E:\\work source2\\Canadaexport\\vendor\\fruitcake\\laravel-cors\\src\\HandleCors.php(38): Illuminate\\Pipeline\\Pipeline->Illuminate\\Pipeline\\{closure}(Object(Illuminate\\Http\\Request))
#80 E:\\work source2\\Canadaexport\\vendor\\laravel\\framework\\src\\Illuminate\\Pipeline\\Pipeline.php(180): Fruitcake\\Cors\\HandleCors->handle(Object(Illuminate\\Http\\Request), Object(Closure))
#81 E:\\work source2\\Canadaexport\\vendor\\laravel\\framework\\src\\Illuminate\\Http\\Middleware\\TrustProxies.php(39): Illuminate\\Pipeline\\Pipeline->Illuminate\\Pipeline\\{closure}(Object(Illuminate\\Http\\Request))
#82 E:\\work source2\\Canadaexport\\vendor\\laravel\\framework\\src\\Illuminate\\Pipeline\\Pipeline.php(180): Illuminate\\Http\\Middleware\\TrustProxies->handle(Object(Illuminate\\Http\\Request), Object(Closure))
#83 E:\\work source2\\Canadaexport\\vendor\\laravel\\framework\\src\\Illuminate\\Pipeline\\Pipeline.php(116): Illuminate\\Pipeline\\Pipeline->Illuminate\\Pipeline\\{closure}(Object(Illuminate\\Http\\Request))
#84 E:\\work source2\\Canadaexport\\vendor\\laravel\\framework\\src\\Illuminate\\Foundation\\Http\\Kernel.php(165): Illuminate\\Pipeline\\Pipeline->then(Object(Closure))
#85 E:\\work source2\\Canadaexport\\vendor\\laravel\\framework\\src\\Illuminate\\Foundation\\Http\\Kernel.php(134): Illuminate\\Foundation\\Http\\Kernel->sendRequestThroughRouter(Object(Illuminate\\Http\\Request))
#86 E:\\work source2\\Canadaexport\\public\\index.php(77): Illuminate\\Foundation\\Http\\Kernel->handle(Object(Illuminate\\Http\\Request))
#87 E:\\work source2\\Canadaexport\\server.php(21): require_once('E:\\\\work source2...')
#88 {main}
"} 
[2025-12-09 22:32:31] local.INFO: moveFile: Processing temp file {"original":"media/temp/6938a3743f12a/1765319540_banner2.png","normalized":"media/temp/6938a3743f12a/1765319540_banner2.png"} 
[2025-12-09 22:35:23] local.INFO: moveFile: Processing temp file {"original":"media/temp/6938a4298c74f/1765319721_banner.png","normalized":"media/temp/6938a4298c74f/1765319721_banner.png"} 
